PC: 00000000	SP: 0000270f	A: 00000000	B: 00000000	ldc 4096

PC: 00000001	SP: 0000270f	A: 00001000	B: 00000000	a2sp 0

PC: 00000002	SP: 00001000	A: 00000000	B: 00000000	adj -1

PC: 00000003	SP: 00000fff	A: 00000000	B: 00000000	ldc 5

PC: 00000004	SP: 00000fff	A: 00000005	B: 00000000	stl 0

PC: 00000005	SP: 00000fff	A: 00000000	B: 00000000	ldc 65

PC: 00000006	SP: 00000fff	A: 00000041	B: 00000000	call 1

PC: 00000008	SP: 00000fff	A: 00000006	B: 00000041	adj -1

PC: 00000009	SP: 00000ffe	A: 00000006	B: 00000041	stl 0

PC: 0000000a	SP: 00000ffe	A: 00000041	B: 00000041	stl 2

PC: 0000000b	SP: 00000ffe	A: 00000041	B: 00000041	adj -3

PC: 0000000c	SP: 00000ffb	A: 00000041	B: 00000041	ldc 0

PC: 0000000d	SP: 00000ffb	A: 00000000	B: 00000041	stl 0

PC: 0000000e	SP: 00000ffb	A: 00000041	B: 00000041	ldc 1

PC: 0000000f	SP: 00000ffb	A: 00000001	B: 00000041	stl 1

PC: 00000010	SP: 00000ffb	A: 00000041	B: 00000041	ldc 0

PC: 00000011	SP: 00000ffb	A: 00000000	B: 00000041	stl 2

PC: 00000012	SP: 00000ffb	A: 00000041	B: 00000041	ldl 4

PC: 00000013	SP: 00000ffb	A: 00000005	B: 00000041	ldl 2

PC: 00000014	SP: 00000ffb	A: 00000000	B: 00000005	sub 0

PC: 00000015	SP: 00000ffb	A: 00000005	B: 00000005	ldc 1

PC: 00000016	SP: 00000ffb	A: 00000001	B: 00000005	sub 0

PC: 00000017	SP: 00000ffb	A: 00000004	B: 00000005	brz 38

PC: 00000018	SP: 00000ffb	A: 00000004	B: 00000005	ldc 1

PC: 00000019	SP: 00000ffb	A: 00000001	B: 00000004	stl 1

PC: 0000001a	SP: 00000ffb	A: 00000004	B: 00000004	ldl 4

PC: 0000001b	SP: 00000ffb	A: 00000005	B: 00000004	ldl 2

PC: 0000001c	SP: 00000ffb	A: 00000000	B: 00000005	sub 0

PC: 0000001d	SP: 00000ffb	A: 00000005	B: 00000005	ldl 1

PC: 0000001e	SP: 00000ffb	A: 00000001	B: 00000005	sub 0

PC: 0000001f	SP: 00000ffb	A: 00000004	B: 00000005	brz 22

PC: 00000020	SP: 00000ffb	A: 00000004	B: 00000005	ldl 5

PC: 00000021	SP: 00000ffb	A: 00000041	B: 00000004	ldnl 0

PC: 00000022	SP: 00000ffb	A: 00000005	B: 00000004	ldc 0

PC: 00000023	SP: 00000ffb	A: 00000000	B: 00000005	ldnl 1

PC: 00000024	SP: 00000ffb	A: 0000000b	B: 00000005	sub 0

PC: 00000025	SP: 00000ffb	A: fffffffa	B: 00000005	brlz 1

PC: 00000027	SP: 00000ffb	A: fffffffa	B: 00000005	ldl 5

PC: 00000028	SP: 00000ffb	A: 00000041	B: fffffffa	ldnl 0

PC: 00000029	SP: 00000ffb	A: 00000005	B: fffffffa	stl 0

PC: 0000002a	SP: 00000ffb	A: fffffffa	B: fffffffa	ldl 5

PC: 0000002b	SP: 00000ffb	A: 00000041	B: fffffffa	ldnl 1

PC: 0000002c	SP: 00000ffb	A: 0000000a	B: fffffffa	ldl 5

PC: 0000002d	SP: 00000ffb	A: 00000041	B: 0000000a	stnl 0

PC: 0000002e	SP: 00000ffb	A: 00000041	B: 0000000a	ldl 0

PC: 0000002f	SP: 00000ffb	A: 00000005	B: 00000041	ldl 5

PC: 00000030	SP: 00000ffb	A: 00000041	B: 00000005	stnl 1

PC: 00000031	SP: 00000ffb	A: 00000041	B: 00000005	ldc 1

PC: 00000032	SP: 00000ffb	A: 00000001	B: 00000041	ldl 1

PC: 00000033	SP: 00000ffb	A: 00000001	B: 00000001	add 0

PC: 00000034	SP: 00000ffb	A: 00000002	B: 00000001	stl 1

PC: 00000035	SP: 00000ffb	A: 00000001	B: 00000001	br -28

PC: 0000001a	SP: 00000ffb	A: 00000001	B: 00000001	ldl 4

PC: 0000001b	SP: 00000ffb	A: 00000005	B: 00000001	ldl 2

PC: 0000001c	SP: 00000ffb	A: 00000000	B: 00000005	sub 0

PC: 0000001d	SP: 00000ffb	A: 00000005	B: 00000005	ldl 1

PC: 0000001e	SP: 00000ffb	A: 00000002	B: 00000005	sub 0

PC: 0000001f	SP: 00000ffb	A: 00000003	B: 00000005	brz 22

PC: 00000020	SP: 00000ffb	A: 00000003	B: 00000005	ldl 5

PC: 00000021	SP: 00000ffb	A: 00000041	B: 00000003	ldnl 0

PC: 00000022	SP: 00000ffb	A: 0000000a	B: 00000003	ldc 0

PC: 00000023	SP: 00000ffb	A: 00000000	B: 0000000a	ldnl 1

PC: 00000024	SP: 00000ffb	A: 0000000b	B: 0000000a	sub 0

PC: 00000025	SP: 00000ffb	A: ffffffff	B: 0000000a	brlz 1

PC: 00000027	SP: 00000ffb	A: ffffffff	B: 0000000a	ldl 5

PC: 00000028	SP: 00000ffb	A: 00000041	B: ffffffff	ldnl 0

PC: 00000029	SP: 00000ffb	A: 0000000a	B: ffffffff	stl 0

PC: 0000002a	SP: 00000ffb	A: ffffffff	B: ffffffff	ldl 5

PC: 0000002b	SP: 00000ffb	A: 00000041	B: ffffffff	ldnl 1

PC: 0000002c	SP: 00000ffb	A: 00000005	B: ffffffff	ldl 5

PC: 0000002d	SP: 00000ffb	A: 00000041	B: 00000005	stnl 0

PC: 0000002e	SP: 00000ffb	A: 00000041	B: 00000005	ldl 0

PC: 0000002f	SP: 00000ffb	A: 0000000a	B: 00000041	ldl 5

PC: 00000030	SP: 00000ffb	A: 00000041	B: 0000000a	stnl 1

PC: 00000031	SP: 00000ffb	A: 00000041	B: 0000000a	ldc 1

PC: 00000032	SP: 00000ffb	A: 00000001	B: 00000041	ldl 1

PC: 00000033	SP: 00000ffb	A: 00000002	B: 00000001	add 0

PC: 00000034	SP: 00000ffb	A: 00000003	B: 00000001	stl 1

PC: 00000035	SP: 00000ffb	A: 00000001	B: 00000001	br -28

PC: 0000001a	SP: 00000ffb	A: 00000001	B: 00000001	ldl 4

PC: 0000001b	SP: 00000ffb	A: 00000005	B: 00000001	ldl 2

PC: 0000001c	SP: 00000ffb	A: 00000000	B: 00000005	sub 0

PC: 0000001d	SP: 00000ffb	A: 00000005	B: 00000005	ldl 1

PC: 0000001e	SP: 00000ffb	A: 00000003	B: 00000005	sub 0

PC: 0000001f	SP: 00000ffb	A: 00000002	B: 00000005	brz 22

PC: 00000020	SP: 00000ffb	A: 00000002	B: 00000005	ldl 5

PC: 00000021	SP: 00000ffb	A: 00000041	B: 00000002	ldnl 0

PC: 00000022	SP: 00000ffb	A: 00000005	B: 00000002	ldc 0

PC: 00000023	SP: 00000ffb	A: 00000000	B: 00000005	ldnl 1

PC: 00000024	SP: 00000ffb	A: 0000000b	B: 00000005	sub 0

PC: 00000025	SP: 00000ffb	A: fffffffa	B: 00000005	brlz 1

PC: 00000027	SP: 00000ffb	A: fffffffa	B: 00000005	ldl 5

PC: 00000028	SP: 00000ffb	A: 00000041	B: fffffffa	ldnl 0

PC: 00000029	SP: 00000ffb	A: 00000005	B: fffffffa	stl 0

PC: 0000002a	SP: 00000ffb	A: fffffffa	B: fffffffa	ldl 5

PC: 0000002b	SP: 00000ffb	A: 00000041	B: fffffffa	ldnl 1

PC: 0000002c	SP: 00000ffb	A: 0000000a	B: fffffffa	ldl 5

PC: 0000002d	SP: 00000ffb	A: 00000041	B: 0000000a	stnl 0

PC: 0000002e	SP: 00000ffb	A: 00000041	B: 0000000a	ldl 0

PC: 0000002f	SP: 00000ffb	A: 00000005	B: 00000041	ldl 5

PC: 00000030	SP: 00000ffb	A: 00000041	B: 00000005	stnl 1

PC: 00000031	SP: 00000ffb	A: 00000041	B: 00000005	ldc 1

PC: 00000032	SP: 00000ffb	A: 00000001	B: 00000041	ldl 1

PC: 00000033	SP: 00000ffb	A: 00000003	B: 00000001	add 0

PC: 00000034	SP: 00000ffb	A: 00000004	B: 00000001	stl 1

PC: 00000035	SP: 00000ffb	A: 00000001	B: 00000001	br -28

PC: 0000001a	SP: 00000ffb	A: 00000001	B: 00000001	ldl 4

PC: 0000001b	SP: 00000ffb	A: 00000005	B: 00000001	ldl 2

PC: 0000001c	SP: 00000ffb	A: 00000000	B: 00000005	sub 0

PC: 0000001d	SP: 00000ffb	A: 00000005	B: 00000005	ldl 1

PC: 0000001e	SP: 00000ffb	A: 00000004	B: 00000005	sub 0

PC: 0000001f	SP: 00000ffb	A: 00000001	B: 00000005	brz 22

PC: 00000020	SP: 00000ffb	A: 00000001	B: 00000005	ldl 5

PC: 00000021	SP: 00000ffb	A: 00000041	B: 00000001	ldnl 0

PC: 00000022	SP: 00000ffb	A: 0000000a	B: 00000001	ldc 0

PC: 00000023	SP: 00000ffb	A: 00000000	B: 0000000a	ldnl 1

PC: 00000024	SP: 00000ffb	A: 0000000b	B: 0000000a	sub 0

PC: 00000025	SP: 00000ffb	A: ffffffff	B: 0000000a	brlz 1

PC: 00000027	SP: 00000ffb	A: ffffffff	B: 0000000a	ldl 5

PC: 00000028	SP: 00000ffb	A: 00000041	B: ffffffff	ldnl 0

PC: 00000029	SP: 00000ffb	A: 0000000a	B: ffffffff	stl 0

PC: 0000002a	SP: 00000ffb	A: ffffffff	B: ffffffff	ldl 5

PC: 0000002b	SP: 00000ffb	A: 00000041	B: ffffffff	ldnl 1

PC: 0000002c	SP: 00000ffb	A: 00000005	B: ffffffff	ldl 5

PC: 0000002d	SP: 00000ffb	A: 00000041	B: 00000005	stnl 0

PC: 0000002e	SP: 00000ffb	A: 00000041	B: 00000005	ldl 0

PC: 0000002f	SP: 00000ffb	A: 0000000a	B: 00000041	ldl 5

PC: 00000030	SP: 00000ffb	A: 00000041	B: 0000000a	stnl 1

PC: 00000031	SP: 00000ffb	A: 00000041	B: 0000000a	ldc 1

PC: 00000032	SP: 00000ffb	A: 00000001	B: 00000041	ldl 1

PC: 00000033	SP: 00000ffb	A: 00000004	B: 00000001	add 0

PC: 00000034	SP: 00000ffb	A: 00000005	B: 00000001	stl 1

PC: 00000035	SP: 00000ffb	A: 00000001	B: 00000001	br -28

PC: 0000001a	SP: 00000ffb	A: 00000001	B: 00000001	ldl 4

PC: 0000001b	SP: 00000ffb	A: 00000005	B: 00000001	ldl 2

PC: 0000001c	SP: 00000ffb	A: 00000000	B: 00000005	sub 0

PC: 0000001d	SP: 00000ffb	A: 00000005	B: 00000005	ldl 1

PC: 0000001e	SP: 00000ffb	A: 00000005	B: 00000005	sub 0

PC: 0000001f	SP: 00000ffb	A: 00000000	B: 00000005	brz 22

PC: 00000036	SP: 00000ffb	A: 00000000	B: 00000005	ldc 1

PC: 00000037	SP: 00000ffb	A: 00000001	B: 00000000	ldl 2

PC: 00000038	SP: 00000ffb	A: 00000000	B: 00000001	add 0

PC: 00000039	SP: 00000ffb	A: 00000001	B: 00000001	stl 2

PC: 0000003a	SP: 00000ffb	A: 00000001	B: 00000001	ldc 1

PC: 0000003b	SP: 00000ffb	A: 00000001	B: 00000001	ldl 5

PC: 0000003c	SP: 00000ffb	A: 00000041	B: 00000001	add 0

PC: 0000003d	SP: 00000ffb	A: 00000042	B: 00000001	br -44

PC: 00000012	SP: 00000ffb	A: 00000042	B: 00000001	ldl 4

PC: 00000013	SP: 00000ffb	A: 00000005	B: 00000042	ldl 2

PC: 00000014	SP: 00000ffb	A: 00000001	B: 00000005	sub 0

PC: 00000015	SP: 00000ffb	A: 00000004	B: 00000005	ldc 1

PC: 00000016	SP: 00000ffb	A: 00000001	B: 00000004	sub 0

PC: 00000017	SP: 00000ffb	A: 00000003	B: 00000004	brz 38

PC: 00000018	SP: 00000ffb	A: 00000003	B: 00000004	ldc 1

PC: 00000019	SP: 00000ffb	A: 00000001	B: 00000003	stl 1

PC: 0000001a	SP: 00000ffb	A: 00000003	B: 00000003	ldl 4

PC: 0000001b	SP: 00000ffb	A: 00000005	B: 00000003	ldl 2

PC: 0000001c	SP: 00000ffb	A: 00000001	B: 00000005	sub 0

PC: 0000001d	SP: 00000ffb	A: 00000004	B: 00000005	ldl 1

PC: 0000001e	SP: 00000ffb	A: 00000001	B: 00000004	sub 0

PC: 0000001f	SP: 00000ffb	A: 00000003	B: 00000004	brz 22

PC: 00000020	SP: 00000ffb	A: 00000003	B: 00000004	ldl 5

PC: 00000021	SP: 00000ffb	A: 00000041	B: 00000003	ldnl 0

PC: 00000022	SP: 00000ffb	A: 00000005	B: 00000003	ldc 0

PC: 00000023	SP: 00000ffb	A: 00000000	B: 00000005	ldnl 1

PC: 00000024	SP: 00000ffb	A: 0000000b	B: 00000005	sub 0

PC: 00000025	SP: 00000ffb	A: fffffffa	B: 00000005	brlz 1

PC: 00000027	SP: 00000ffb	A: fffffffa	B: 00000005	ldl 5

PC: 00000028	SP: 00000ffb	A: 00000041	B: fffffffa	ldnl 0

PC: 00000029	SP: 00000ffb	A: 00000005	B: fffffffa	stl 0

PC: 0000002a	SP: 00000ffb	A: fffffffa	B: fffffffa	ldl 5

PC: 0000002b	SP: 00000ffb	A: 00000041	B: fffffffa	ldnl 1

PC: 0000002c	SP: 00000ffb	A: 0000000a	B: fffffffa	ldl 5

PC: 0000002d	SP: 00000ffb	A: 00000041	B: 0000000a	stnl 0

PC: 0000002e	SP: 00000ffb	A: 00000041	B: 0000000a	ldl 0

PC: 0000002f	SP: 00000ffb	A: 00000005	B: 00000041	ldl 5

PC: 00000030	SP: 00000ffb	A: 00000041	B: 00000005	stnl 1

PC: 00000031	SP: 00000ffb	A: 00000041	B: 00000005	ldc 1

PC: 00000032	SP: 00000ffb	A: 00000001	B: 00000041	ldl 1

PC: 00000033	SP: 00000ffb	A: 00000001	B: 00000001	add 0

PC: 00000034	SP: 00000ffb	A: 00000002	B: 00000001	stl 1

PC: 00000035	SP: 00000ffb	A: 00000001	B: 00000001	br -28

PC: 0000001a	SP: 00000ffb	A: 00000001	B: 00000001	ldl 4

PC: 0000001b	SP: 00000ffb	A: 00000005	B: 00000001	ldl 2

PC: 0000001c	SP: 00000ffb	A: 00000001	B: 00000005	sub 0

PC: 0000001d	SP: 00000ffb	A: 00000004	B: 00000005	ldl 1

PC: 0000001e	SP: 00000ffb	A: 00000002	B: 00000004	sub 0

PC: 0000001f	SP: 00000ffb	A: 00000002	B: 00000004	brz 22

PC: 00000020	SP: 00000ffb	A: 00000002	B: 00000004	ldl 5

PC: 00000021	SP: 00000ffb	A: 00000041	B: 00000002	ldnl 0

PC: 00000022	SP: 00000ffb	A: 0000000a	B: 00000002	ldc 0

PC: 00000023	SP: 00000ffb	A: 00000000	B: 0000000a	ldnl 1

PC: 00000024	SP: 00000ffb	A: 0000000b	B: 0000000a	sub 0

PC: 00000025	SP: 00000ffb	A: ffffffff	B: 0000000a	brlz 1

PC: 00000027	SP: 00000ffb	A: ffffffff	B: 0000000a	ldl 5

PC: 00000028	SP: 00000ffb	A: 00000041	B: ffffffff	ldnl 0

PC: 00000029	SP: 00000ffb	A: 0000000a	B: ffffffff	stl 0

PC: 0000002a	SP: 00000ffb	A: ffffffff	B: ffffffff	ldl 5

PC: 0000002b	SP: 00000ffb	A: 00000041	B: ffffffff	ldnl 1

PC: 0000002c	SP: 00000ffb	A: 00000005	B: ffffffff	ldl 5

PC: 0000002d	SP: 00000ffb	A: 00000041	B: 00000005	stnl 0

PC: 0000002e	SP: 00000ffb	A: 00000041	B: 00000005	ldl 0

PC: 0000002f	SP: 00000ffb	A: 0000000a	B: 00000041	ldl 5

PC: 00000030	SP: 00000ffb	A: 00000041	B: 0000000a	stnl 1

PC: 00000031	SP: 00000ffb	A: 00000041	B: 0000000a	ldc 1

PC: 00000032	SP: 00000ffb	A: 00000001	B: 00000041	ldl 1

PC: 00000033	SP: 00000ffb	A: 00000002	B: 00000001	add 0

PC: 00000034	SP: 00000ffb	A: 00000003	B: 00000001	stl 1

PC: 00000035	SP: 00000ffb	A: 00000001	B: 00000001	br -28

PC: 0000001a	SP: 00000ffb	A: 00000001	B: 00000001	ldl 4

PC: 0000001b	SP: 00000ffb	A: 00000005	B: 00000001	ldl 2

PC: 0000001c	SP: 00000ffb	A: 00000001	B: 00000005	sub 0

PC: 0000001d	SP: 00000ffb	A: 00000004	B: 00000005	ldl 1

PC: 0000001e	SP: 00000ffb	A: 00000003	B: 00000004	sub 0

PC: 0000001f	SP: 00000ffb	A: 00000001	B: 00000004	brz 22

PC: 00000020	SP: 00000ffb	A: 00000001	B: 00000004	ldl 5

PC: 00000021	SP: 00000ffb	A: 00000041	B: 00000001	ldnl 0

PC: 00000022	SP: 00000ffb	A: 00000005	B: 00000001	ldc 0

PC: 00000023	SP: 00000ffb	A: 00000000	B: 00000005	ldnl 1

PC: 00000024	SP: 00000ffb	A: 0000000b	B: 00000005	sub 0

PC: 00000025	SP: 00000ffb	A: fffffffa	B: 00000005	brlz 1

PC: 00000027	SP: 00000ffb	A: fffffffa	B: 00000005	ldl 5

PC: 00000028	SP: 00000ffb	A: 00000041	B: fffffffa	ldnl 0

PC: 00000029	SP: 00000ffb	A: 00000005	B: fffffffa	stl 0

PC: 0000002a	SP: 00000ffb	A: fffffffa	B: fffffffa	ldl 5

PC: 0000002b	SP: 00000ffb	A: 00000041	B: fffffffa	ldnl 1

PC: 0000002c	SP: 00000ffb	A: 0000000a	B: fffffffa	ldl 5

PC: 0000002d	SP: 00000ffb	A: 00000041	B: 0000000a	stnl 0

PC: 0000002e	SP: 00000ffb	A: 00000041	B: 0000000a	ldl 0

PC: 0000002f	SP: 00000ffb	A: 00000005	B: 00000041	ldl 5

PC: 00000030	SP: 00000ffb	A: 00000041	B: 00000005	stnl 1

PC: 00000031	SP: 00000ffb	A: 00000041	B: 00000005	ldc 1

PC: 00000032	SP: 00000ffb	A: 00000001	B: 00000041	ldl 1

PC: 00000033	SP: 00000ffb	A: 00000003	B: 00000001	add 0

PC: 00000034	SP: 00000ffb	A: 00000004	B: 00000001	stl 1

PC: 00000035	SP: 00000ffb	A: 00000001	B: 00000001	br -28

PC: 0000001a	SP: 00000ffb	A: 00000001	B: 00000001	ldl 4

PC: 0000001b	SP: 00000ffb	A: 00000005	B: 00000001	ldl 2

PC: 0000001c	SP: 00000ffb	A: 00000001	B: 00000005	sub 0

PC: 0000001d	SP: 00000ffb	A: 00000004	B: 00000005	ldl 1

PC: 0000001e	SP: 00000ffb	A: 00000004	B: 00000004	sub 0

PC: 0000001f	SP: 00000ffb	A: 00000000	B: 00000004	brz 22

PC: 00000036	SP: 00000ffb	A: 00000000	B: 00000004	ldc 1

PC: 00000037	SP: 00000ffb	A: 00000001	B: 00000000	ldl 2

PC: 00000038	SP: 00000ffb	A: 00000001	B: 00000001	add 0

PC: 00000039	SP: 00000ffb	A: 00000002	B: 00000001	stl 2

PC: 0000003a	SP: 00000ffb	A: 00000001	B: 00000001	ldc 1

PC: 0000003b	SP: 00000ffb	A: 00000001	B: 00000001	ldl 5

PC: 0000003c	SP: 00000ffb	A: 00000041	B: 00000001	add 0

PC: 0000003d	SP: 00000ffb	A: 00000042	B: 00000001	br -44

PC: 00000012	SP: 00000ffb	A: 00000042	B: 00000001	ldl 4

PC: 00000013	SP: 00000ffb	A: 00000005	B: 00000042	ldl 2

PC: 00000014	SP: 00000ffb	A: 00000002	B: 00000005	sub 0

PC: 00000015	SP: 00000ffb	A: 00000003	B: 00000005	ldc 1

PC: 00000016	SP: 00000ffb	A: 00000001	B: 00000003	sub 0

PC: 00000017	SP: 00000ffb	A: 00000002	B: 00000003	brz 38

PC: 00000018	SP: 00000ffb	A: 00000002	B: 00000003	ldc 1

PC: 00000019	SP: 00000ffb	A: 00000001	B: 00000002	stl 1

PC: 0000001a	SP: 00000ffb	A: 00000002	B: 00000002	ldl 4

PC: 0000001b	SP: 00000ffb	A: 00000005	B: 00000002	ldl 2

PC: 0000001c	SP: 00000ffb	A: 00000002	B: 00000005	sub 0

PC: 0000001d	SP: 00000ffb	A: 00000003	B: 00000005	ldl 1

PC: 0000001e	SP: 00000ffb	A: 00000001	B: 00000003	sub 0

PC: 0000001f	SP: 00000ffb	A: 00000002	B: 00000003	brz 22

PC: 00000020	SP: 00000ffb	A: 00000002	B: 00000003	ldl 5

PC: 00000021	SP: 00000ffb	A: 00000041	B: 00000002	ldnl 0

PC: 00000022	SP: 00000ffb	A: 0000000a	B: 00000002	ldc 0

PC: 00000023	SP: 00000ffb	A: 00000000	B: 0000000a	ldnl 1

PC: 00000024	SP: 00000ffb	A: 0000000b	B: 0000000a	sub 0

PC: 00000025	SP: 00000ffb	A: ffffffff	B: 0000000a	brlz 1

PC: 00000027	SP: 00000ffb	A: ffffffff	B: 0000000a	ldl 5

PC: 00000028	SP: 00000ffb	A: 00000041	B: ffffffff	ldnl 0

PC: 00000029	SP: 00000ffb	A: 0000000a	B: ffffffff	stl 0

PC: 0000002a	SP: 00000ffb	A: ffffffff	B: ffffffff	ldl 5

PC: 0000002b	SP: 00000ffb	A: 00000041	B: ffffffff	ldnl 1

PC: 0000002c	SP: 00000ffb	A: 00000005	B: ffffffff	ldl 5

PC: 0000002d	SP: 00000ffb	A: 00000041	B: 00000005	stnl 0

PC: 0000002e	SP: 00000ffb	A: 00000041	B: 00000005	ldl 0

PC: 0000002f	SP: 00000ffb	A: 0000000a	B: 00000041	ldl 5

PC: 00000030	SP: 00000ffb	A: 00000041	B: 0000000a	stnl 1

PC: 00000031	SP: 00000ffb	A: 00000041	B: 0000000a	ldc 1

PC: 00000032	SP: 00000ffb	A: 00000001	B: 00000041	ldl 1

PC: 00000033	SP: 00000ffb	A: 00000001	B: 00000001	add 0

PC: 00000034	SP: 00000ffb	A: 00000002	B: 00000001	stl 1

PC: 00000035	SP: 00000ffb	A: 00000001	B: 00000001	br -28

PC: 0000001a	SP: 00000ffb	A: 00000001	B: 00000001	ldl 4

PC: 0000001b	SP: 00000ffb	A: 00000005	B: 00000001	ldl 2

PC: 0000001c	SP: 00000ffb	A: 00000002	B: 00000005	sub 0

PC: 0000001d	SP: 00000ffb	A: 00000003	B: 00000005	ldl 1

PC: 0000001e	SP: 00000ffb	A: 00000002	B: 00000003	sub 0

PC: 0000001f	SP: 00000ffb	A: 00000001	B: 00000003	brz 22

PC: 00000020	SP: 00000ffb	A: 00000001	B: 00000003	ldl 5

PC: 00000021	SP: 00000ffb	A: 00000041	B: 00000001	ldnl 0

PC: 00000022	SP: 00000ffb	A: 00000005	B: 00000001	ldc 0

PC: 00000023	SP: 00000ffb	A: 00000000	B: 00000005	ldnl 1

PC: 00000024	SP: 00000ffb	A: 0000000b	B: 00000005	sub 0

PC: 00000025	SP: 00000ffb	A: fffffffa	B: 00000005	brlz 1

PC: 00000027	SP: 00000ffb	A: fffffffa	B: 00000005	ldl 5

PC: 00000028	SP: 00000ffb	A: 00000041	B: fffffffa	ldnl 0

PC: 00000029	SP: 00000ffb	A: 00000005	B: fffffffa	stl 0

PC: 0000002a	SP: 00000ffb	A: fffffffa	B: fffffffa	ldl 5

PC: 0000002b	SP: 00000ffb	A: 00000041	B: fffffffa	ldnl 1

PC: 0000002c	SP: 00000ffb	A: 0000000a	B: fffffffa	ldl 5

PC: 0000002d	SP: 00000ffb	A: 00000041	B: 0000000a	stnl 0

PC: 0000002e	SP: 00000ffb	A: 00000041	B: 0000000a	ldl 0

PC: 0000002f	SP: 00000ffb	A: 00000005	B: 00000041	ldl 5

PC: 00000030	SP: 00000ffb	A: 00000041	B: 00000005	stnl 1

PC: 00000031	SP: 00000ffb	A: 00000041	B: 00000005	ldc 1

PC: 00000032	SP: 00000ffb	A: 00000001	B: 00000041	ldl 1

PC: 00000033	SP: 00000ffb	A: 00000002	B: 00000001	add 0

PC: 00000034	SP: 00000ffb	A: 00000003	B: 00000001	stl 1

PC: 00000035	SP: 00000ffb	A: 00000001	B: 00000001	br -28

PC: 0000001a	SP: 00000ffb	A: 00000001	B: 00000001	ldl 4

PC: 0000001b	SP: 00000ffb	A: 00000005	B: 00000001	ldl 2

PC: 0000001c	SP: 00000ffb	A: 00000002	B: 00000005	sub 0

PC: 0000001d	SP: 00000ffb	A: 00000003	B: 00000005	ldl 1

PC: 0000001e	SP: 00000ffb	A: 00000003	B: 00000003	sub 0

PC: 0000001f	SP: 00000ffb	A: 00000000	B: 00000003	brz 22

PC: 00000036	SP: 00000ffb	A: 00000000	B: 00000003	ldc 1

PC: 00000037	SP: 00000ffb	A: 00000001	B: 00000000	ldl 2

PC: 00000038	SP: 00000ffb	A: 00000002	B: 00000001	add 0

PC: 00000039	SP: 00000ffb	A: 00000003	B: 00000001	stl 2

PC: 0000003a	SP: 00000ffb	A: 00000001	B: 00000001	ldc 1

PC: 0000003b	SP: 00000ffb	A: 00000001	B: 00000001	ldl 5

PC: 0000003c	SP: 00000ffb	A: 00000041	B: 00000001	add 0

PC: 0000003d	SP: 00000ffb	A: 00000042	B: 00000001	br -44

PC: 00000012	SP: 00000ffb	A: 00000042	B: 00000001	ldl 4

PC: 00000013	SP: 00000ffb	A: 00000005	B: 00000042	ldl 2

PC: 00000014	SP: 00000ffb	A: 00000003	B: 00000005	sub 0

PC: 00000015	SP: 00000ffb	A: 00000002	B: 00000005	ldc 1

PC: 00000016	SP: 00000ffb	A: 00000001	B: 00000002	sub 0

PC: 00000017	SP: 00000ffb	A: 00000001	B: 00000002	brz 38

PC: 00000018	SP: 00000ffb	A: 00000001	B: 00000002	ldc 1

PC: 00000019	SP: 00000ffb	A: 00000001	B: 00000001	stl 1

PC: 0000001a	SP: 00000ffb	A: 00000001	B: 00000001	ldl 4

PC: 0000001b	SP: 00000ffb	A: 00000005	B: 00000001	ldl 2

PC: 0000001c	SP: 00000ffb	A: 00000003	B: 00000005	sub 0

PC: 0000001d	SP: 00000ffb	A: 00000002	B: 00000005	ldl 1

PC: 0000001e	SP: 00000ffb	A: 00000001	B: 00000002	sub 0

PC: 0000001f	SP: 00000ffb	A: 00000001	B: 00000002	brz 22

PC: 00000020	SP: 00000ffb	A: 00000001	B: 00000002	ldl 5

PC: 00000021	SP: 00000ffb	A: 00000041	B: 00000001	ldnl 0

PC: 00000022	SP: 00000ffb	A: 0000000a	B: 00000001	ldc 0

PC: 00000023	SP: 00000ffb	A: 00000000	B: 0000000a	ldnl 1

PC: 00000024	SP: 00000ffb	A: 0000000b	B: 0000000a	sub 0

PC: 00000025	SP: 00000ffb	A: ffffffff	B: 0000000a	brlz 1

PC: 00000027	SP: 00000ffb	A: ffffffff	B: 0000000a	ldl 5

PC: 00000028	SP: 00000ffb	A: 00000041	B: ffffffff	ldnl 0

PC: 00000029	SP: 00000ffb	A: 0000000a	B: ffffffff	stl 0

PC: 0000002a	SP: 00000ffb	A: ffffffff	B: ffffffff	ldl 5

PC: 0000002b	SP: 00000ffb	A: 00000041	B: ffffffff	ldnl 1

PC: 0000002c	SP: 00000ffb	A: 00000005	B: ffffffff	ldl 5

PC: 0000002d	SP: 00000ffb	A: 00000041	B: 00000005	stnl 0

PC: 0000002e	SP: 00000ffb	A: 00000041	B: 00000005	ldl 0

PC: 0000002f	SP: 00000ffb	A: 0000000a	B: 00000041	ldl 5

PC: 00000030	SP: 00000ffb	A: 00000041	B: 0000000a	stnl 1

PC: 00000031	SP: 00000ffb	A: 00000041	B: 0000000a	ldc 1

PC: 00000032	SP: 00000ffb	A: 00000001	B: 00000041	ldl 1

PC: 00000033	SP: 00000ffb	A: 00000001	B: 00000001	add 0

PC: 00000034	SP: 00000ffb	A: 00000002	B: 00000001	stl 1

PC: 00000035	SP: 00000ffb	A: 00000001	B: 00000001	br -28

PC: 0000001a	SP: 00000ffb	A: 00000001	B: 00000001	ldl 4

PC: 0000001b	SP: 00000ffb	A: 00000005	B: 00000001	ldl 2

PC: 0000001c	SP: 00000ffb	A: 00000003	B: 00000005	sub 0

PC: 0000001d	SP: 00000ffb	A: 00000002	B: 00000005	ldl 1

PC: 0000001e	SP: 00000ffb	A: 00000002	B: 00000002	sub 0

PC: 0000001f	SP: 00000ffb	A: 00000000	B: 00000002	brz 22

PC: 00000036	SP: 00000ffb	A: 00000000	B: 00000002	ldc 1

PC: 00000037	SP: 00000ffb	A: 00000001	B: 00000000	ldl 2

PC: 00000038	SP: 00000ffb	A: 00000003	B: 00000001	add 0

PC: 00000039	SP: 00000ffb	A: 00000004	B: 00000001	stl 2

PC: 0000003a	SP: 00000ffb	A: 00000001	B: 00000001	ldc 1

PC: 0000003b	SP: 00000ffb	A: 00000001	B: 00000001	ldl 5

PC: 0000003c	SP: 00000ffb	A: 00000041	B: 00000001	add 0

PC: 0000003d	SP: 00000ffb	A: 00000042	B: 00000001	br -44

PC: 00000012	SP: 00000ffb	A: 00000042	B: 00000001	ldl 4

PC: 00000013	SP: 00000ffb	A: 00000005	B: 00000042	ldl 2

PC: 00000014	SP: 00000ffb	A: 00000004	B: 00000005	sub 0

PC: 00000015	SP: 00000ffb	A: 00000001	B: 00000005	ldc 1

PC: 00000016	SP: 00000ffb	A: 00000001	B: 00000001	sub 0

PC: 00000017	SP: 00000ffb	A: 00000000	B: 00000001	brz 38

PC: 0000003e	SP: 00000ffb	A: 00000000	B: 00000001	ldl 3

PC: 0000003f	SP: 00000ffb	A: 00000006	B: 00000000	adj 5

PC: 00000040	SP: 00001000	A: 00000006	B: 00000000	return 0

PC: 00000007	SP: 00001000	A: 00000000	B: 00000000	HALT 0

Memory Dump

00000000	00100000 00100000 0000000b ffffff0a 00000500 

00000004	00000003 00000003 00004100 0000010d 00000012 

00000008	ffffff0a ffffff0a 00000003 00000203 fffffd0a 

0000000c	00000000 00000000 00000003 00000100 00000103 

00000010	00000000 00000000 00000203 00000402 00000202 

00000014	00000007 00000007 00000100 00000007 0000260f 

00000018	00000100 00000100 00000103 00000402 00000202 

0000001c	00000007 00000007 00000102 00000007 0000160f 

00000020	00000502 00000502 00000004 00000000 00000104 

00000024	00000007 00000007 00000110 00000a11 00000502 

00000028	00000004 00000004 00000003 00000502 00000104 

0000002c	00000502 00000502 00000005 00000002 00000502 

00000030	00000105 00000105 00000100 00000102 00000006 

00000034	00000103 00000103 ffffe411 00000100 00000202 

00000038	00000006 00000006 00000203 00000100 00000502 

0000003c	00000006 00000006 ffffd411 00000302 0000050a 

00000040	0000000e 0000000e 00000005 0000000a 00000003 

00000044	00000009 00000009 00000001 